This is pdfTeX, Version 3.14159265-2.6-1.40.16 (TeX Live 2015) (preloaded format=pdflatex 2015.5.24)  3 FEB 2016 21:39
entering extended mode
 restricted \write18 enabled.
 file:line:error style messages enabled.
 %&-line parsing enabled.
**faces.tex
(./faces.tex
LaTeX2e <2015/01/01>
Babel <3.9l> and hyphenation patterns for 79 languages loaded.
(/usr/local/texlive/2015/texmf-dist/tex/latex/base/article.cls
Document Class: article 2014/09/29 v1.4h Standard LaTeX document class
(/usr/local/texlive/2015/texmf-dist/tex/latex/base/size12.clo
File: size12.clo 2014/09/29 v1.4h Standard LaTeX file (size option)
)
\c@part=\count79
\c@section=\count80
\c@subsection=\count81
\c@subsubsection=\count82
\c@paragraph=\count83
\c@subparagraph=\count84
\c@figure=\count85
\c@table=\count86
\abovecaptionskip=\skip41
\belowcaptionskip=\skip42
\bibindent=\dimen102
) (/usr/local/texlive/2015/texmf-dist/tex/latex/geometry/geometry.sty
Package: geometry 2010/09/12 v5.6 Page Geometry
 (/usr/local/texlive/2015/texmf-dist/tex/latex/graphics/keyval.sty
Package: keyval 2014/10/28 v1.15 key=value parser (DPC)
\KV@toks@=\toks14
) (/usr/local/texlive/2015/texmf-dist/tex/generic/oberdiek/ifpdf.sty
Package: ifpdf 2011/01/30 v2.3 Provides the ifpdf switch (HO)
Package ifpdf Info: pdfTeX in PDF mode is detected.
) (/usr/local/texlive/2015/texmf-dist/tex/generic/oberdiek/ifvtex.sty
Package: ifvtex 2010/03/01 v1.5 Detect VTeX and its facilities (HO)
Package ifvtex Info: VTeX not detected.
) (/usr/local/texlive/2015/texmf-dist/tex/generic/ifxetex/ifxetex.sty
Package: ifxetex 2010/09/12 v0.6 Provides ifxetex conditional
)
\Gm@cnth=\count87
\Gm@cntv=\count88
\c@Gm@tempcnt=\count89
\Gm@bindingoffset=\dimen103
\Gm@wd@mp=\dimen104
\Gm@odd@mp=\dimen105
\Gm@even@mp=\dimen106
\Gm@layoutwidth=\dimen107
\Gm@layoutheight=\dimen108
\Gm@layouthoffset=\dimen109
\Gm@layoutvoffset=\dimen110
\Gm@dimlist=\toks15
) (/usr/local/texlive/2015/texmf-dist/tex/latex/graphics/graphicx.sty
Package: graphicx 2014/10/28 v1.0g Enhanced LaTeX Graphics (DPC,SPQR)
 (/usr/local/texlive/2015/texmf-dist/tex/latex/graphics/graphics.sty
Package: graphics 2014/10/28 v1.0p Standard LaTeX Graphics (DPC,SPQR)
 (/usr/local/texlive/2015/texmf-dist/tex/latex/graphics/trig.sty
Package: trig 1999/03/16 v1.09 sin cos tan (DPC)
) (/usr/local/texlive/2015/texmf-dist/tex/latex/latexconfig/graphics.cfg
File: graphics.cfg 2010/04/23 v1.9 graphics configuration of TeX Live
)
Package graphics Info: Driver file: pdftex.def on input line 94.
 (/usr/local/texlive/2015/texmf-dist/tex/latex/pdftex-def/pdftex.def
File: pdftex.def 2011/05/27 v0.06d Graphics/color for pdfTeX
 (/usr/local/texlive/2015/texmf-dist/tex/generic/oberdiek/infwarerr.sty
Package: infwarerr 2010/04/08 v1.3 Providing info/warning/error messages (HO)
) (/usr/local/texlive/2015/texmf-dist/tex/generic/oberdiek/ltxcmds.sty
Package: ltxcmds 2011/11/09 v1.22 LaTeX kernel commands for general use (HO)
)
\Gread@gobject=\count90
))
\Gin@req@height=\dimen111
\Gin@req@width=\dimen112
) (/usr/local/texlive/2015/texmf-dist/tex/latex/float/float.sty
Package: float 2001/11/08 v1.3d Float enhancements (AL)
\c@float@type=\count91
\float@exts=\toks16
\float@box=\box26
\@float@everytoks=\toks17
\@floatcapt=\box27
) (/usr/local/texlive/2015/texmf-dist/tex/latex/wrapfig/wrapfig.sty
\wrapoverhang=\dimen113
\WF@size=\dimen114
\c@WF@wrappedlines=\count92
\WF@box=\box28
\WF@everypar=\toks18
Package: wrapfig 2003/01/31  v 3.6
) (/usr/local/texlive/2015/texmf-dist/tex/latex/lipsum/lipsum.sty
Package: lipsum 2014/07/27 v1.3 150 paragraphs of Lorem Ipsum dummy text
\c@lips@count=\count93
) (/Users/Samuel/Desktop/essay_1/.texpadtmp/faces.aux)
\openout1 = `faces.aux'.

LaTeX Font Info:    Checking defaults for OML/cmm/m/it on input line 37.
LaTeX Font Info:    ... okay on input line 37.
LaTeX Font Info:    Checking defaults for T1/cmr/m/n on input line 37.
LaTeX Font Info:    ... okay on input line 37.
LaTeX Font Info:    Checking defaults for OT1/cmr/m/n on input line 37.
LaTeX Font Info:    ... okay on input line 37.
LaTeX Font Info:    Checking defaults for OMS/cmsy/m/n on input line 37.
LaTeX Font Info:    ... okay on input line 37.
LaTeX Font Info:    Checking defaults for OMX/cmex/m/n on input line 37.
LaTeX Font Info:    ... okay on input line 37.
LaTeX Font Info:    Checking defaults for U/cmr/m/n on input line 37.
LaTeX Font Info:    ... okay on input line 37.

*geometry* driver: auto-detecting
*geometry* detected driver: pdftex
*geometry* verbose mode - [ preamble ] result:
* driver: pdftex
* paper: a4paper
* layout: <same size as paper>
* layoutoffset:(h,v)=(0.0pt,0.0pt)
* modes: 
* h-part:(L,W,R)=(89.62709pt, 418.25368pt, 89.6271pt)
* v-part:(T,H,B)=(101.40665pt, 591.5302pt, 152.11pt)
* \paperwidth=597.50787pt
* \paperheight=845.04684pt
* \textwidth=418.25368pt
* \textheight=591.5302pt
* \oddsidemargin=17.3571pt
* \evensidemargin=17.3571pt
* \topmargin=-7.86334pt
* \headheight=12.0pt
* \headsep=25.0pt
* \topskip=12.0pt
* \footskip=30.0pt
* \marginparwidth=44.0pt
* \marginparsep=10.0pt
* \columnsep=10.0pt
* \skip\footins=10.8pt plus 4.0pt minus 2.0pt
* \hoffset=0.0pt
* \voffset=0.0pt
* \mag=1000
* \@twocolumnfalse
* \@twosidefalse
* \@mparswitchfalse
* \@reversemarginfalse
* (1in=72.27pt=25.4mm, 1cm=28.453pt)

(/usr/local/texlive/2015/texmf-dist/tex/context/base/supp-pdf.mkii
[Loading MPS to PDF converter (version 2006.09.02).]
\scratchcounter=\count94
\scratchdimen=\dimen115
\scratchbox=\box29
\nofMPsegments=\count95
\nofMParguments=\count96
\everyMPshowfont=\toks19
\MPscratchCnt=\count97
\MPscratchDim=\dimen116
\MPnumerator=\count98
\makeMPintoPDFobject=\count99
\everyMPtoPDFconversion=\toks20
) (/usr/local/texlive/2015/texmf-dist/tex/generic/oberdiek/pdftexcmds.sty
Package: pdftexcmds 2011/11/29 v0.20 Utility functions of pdfTeX for LuaTeX (HO)
 (/usr/local/texlive/2015/texmf-dist/tex/generic/oberdiek/ifluatex.sty
Package: ifluatex 2010/03/01 v1.3 Provides the ifluatex switch (HO)
Package ifluatex Info: LuaTeX not detected.
)
Package pdftexcmds Info: LuaTeX not detected.
Package pdftexcmds Info: \pdf@primitive is available.
Package pdftexcmds Info: \pdf@ifprimitive is available.
Package pdftexcmds Info: \pdfdraftmode found.
) (/usr/local/texlive/2015/texmf-dist/tex/latex/oberdiek/epstopdf-base.sty
Package: epstopdf-base 2010/02/09 v2.5 Base part for package epstopdf
 (/usr/local/texlive/2015/texmf-dist/tex/latex/oberdiek/grfext.sty
Package: grfext 2010/08/19 v1.1 Manage graphics extensions (HO)
 (/usr/local/texlive/2015/texmf-dist/tex/generic/oberdiek/kvdefinekeys.sty
Package: kvdefinekeys 2011/04/07 v1.3 Define keys (HO)
)) (/usr/local/texlive/2015/texmf-dist/tex/latex/oberdiek/kvoptions.sty
Package: kvoptions 2011/06/30 v3.11 Key value format for package options (HO)
 (/usr/local/texlive/2015/texmf-dist/tex/generic/oberdiek/kvsetkeys.sty
Package: kvsetkeys 2012/04/25 v1.16 Key value parser (HO)
 (/usr/local/texlive/2015/texmf-dist/tex/generic/oberdiek/etexcmds.sty
Package: etexcmds 2011/02/16 v1.5 Avoid name clashes with e-TeX commands (HO)
Package etexcmds Info: Could not find \expanded.
(etexcmds)             That can mean that you are not using pdfTeX 1.50 or
(etexcmds)             that some package has redefined \expanded.
(etexcmds)             In the latter case, load this package earlier.
)))
Package grfext Info: Graphics extension search list:
(grfext)             [.png,.pdf,.jpg,.mps,.jpeg,.jbig2,.jb2,.PNG,.PDF,.JPG,.JPEG,.JBIG2,.JB2,.eps]
(grfext)             \AppendGraphicsExtensions on input line 452.
 (/usr/local/texlive/2015/texmf-dist/tex/latex/latexconfig/epstopdf-sys.cfg
File: epstopdf-sys.cfg 2010/07/13 v1.3 Configuration of (r)epstopdf for TeX Live
))
LaTeX Font Info:    External font `cmex10' loaded for size
(Font)              <12> on input line 66.
LaTeX Font Info:    External font `cmex10' loaded for size
(Font)              <8> on input line 66.
LaTeX Font Info:    External font `cmex10' loaded for size
(Font)              <6> on input line 66.
 [1

{/usr/local/texlive/2015/texmf-var/fonts/map/pdftex/updmap/pdftex.map}] (/Users/Samuel/Desktop/essay_1/.texpadtmp/faces.toc)
\tf@toc=\write3
\openout3 = `faces.toc'.

 [1] <Pictures/part1_1a.jpg, id=13, 954.56625pt x 505.89pt>
File: Pictures/part1_1a.jpg Graphic file (type jpg)
 <use Pictures/part1_1a.jpg>
Package pdftex.def Info: Pictures/part1_1a.jpg used on input line 103.
(pdftex.def)             Requested size: 125.47737pt x 66.4936pt.

Underfull \hbox (badness 2837) in paragraph at lines 104--104
[]\OT1/cmr/m/n/12 Figure 1: Un-cropped
 []

<Pictures/part1_1b.jpg, id=14, 424.58624pt x 642.4pt>
File: Pictures/part1_1b.jpg Graphic file (type jpg)
 <use Pictures/part1_1b.jpg>
Package pdftex.def Info: Pictures/part1_1b.jpg used on input line 107.
(pdftex.def)             Requested size: 125.47737pt x 189.84943pt.

Underfull \hbox (badness 2837) in paragraph at lines 108--108
[]\OT1/cmr/m/n/12 Figure 2: Un-cropped
 []

<Pictures/part1_1c.jpg, id=15, 79.497pt x 118.041pt>
File: Pictures/part1_1c.jpg Graphic file (type jpg)
 <use Pictures/part1_1c.jpg>
Package pdftex.def Info: Pictures/part1_1c.jpg used on input line 111.
(pdftex.def)             Requested size: 125.47737pt x 186.32439pt.

Underfull \hbox (badness 2837) in paragraph at lines 112--112
[]\OT1/cmr/m/n/12 Figure 3: Un-cropped
 []

<Pictures/part1_2a.jpg, id=16, 32.12pt x 32.12pt>
File: Pictures/part1_2a.jpg Graphic file (type jpg)
 <use Pictures/part1_2a.jpg>
Package pdftex.def Info: Pictures/part1_2a.jpg used on input line 115.
(pdftex.def)             Requested size: 125.47737pt x 125.48798pt.
 <Pictures/part1_2b.jpg, id=17, 32.12pt x 32.12pt>
File: Pictures/part1_2b.jpg Graphic file (type jpg)
 <use Pictures/part1_2b.jpg>
Package pdftex.def Info: Pictures/part1_2b.jpg used on input line 119.
(pdftex.def)             Requested size: 125.47737pt x 125.48798pt.
 <Pictures/part1_2c.jpg, id=18, 32.12pt x 32.12pt>
File: Pictures/part1_2c.jpg Graphic file (type jpg)
 <use Pictures/part1_2c.jpg>
Package pdftex.def Info: Pictures/part1_2c.jpg used on input line 123.
(pdftex.def)             Requested size: 125.47737pt x 125.48798pt.
Missing character: There is no â in font cmr12!
Missing character: There is no € in font cmr12!
Missing character: There is no ™ in font cmr12!
 [2 <./Pictures/part1_1a.jpg> <./Pictures/part1_1b.jpg> <./Pictures/part1_1c.jpg> <./Pictures/part1_2a.jpg> <./Pictures/part1_2b.jpg> <./Pictures/part1_2c.jpg>]
Missing character: There is no â in font cmr12!
Missing character: There is no € in font cmr12!
Missing character: There is no ™ in font cmr12!
Missing character: There is no â in font cmr12!
Missing character: There is no € in font cmr12!
Missing character: There is no ™ in font cmr12!
 <Pictures/part3_2.png, id=22, 345.29pt x 240.9pt>
File: Pictures/part3_2.png Graphic file (type png)
 <use Pictures/part3_2.png>
Package pdftex.def Info: Pictures/part3_2.png used on input line 145.
(pdftex.def)             Requested size: 292.77629pt x 204.26604pt.
 [3] <Pictures/part3_0.png, id=27, 595.22375pt x 89.33376pt>
File: Pictures/part3_0.png Graphic file (type png)
 <use Pictures/part3_0.png>
Package pdftex.def Info: Pictures/part3_0.png used on input line 155.
(pdftex.def)             Requested size: 292.77629pt x 43.94022pt.
Missing character: There is no â in font cmr12!
Missing character: There is no € in font cmr12!
Missing character: There is no ™ in font cmr12!
 <Pictures/part3_1.png, id=28, 151.56625pt x 210.7875pt>
File: Pictures/part3_1.png Graphic file (type png)
 <use Pictures/part3_1.png>
Package pdftex.def Info: Pictures/part3_1.png used on input line 166.
(pdftex.def)             Requested size: 292.77629pt x 407.18079pt.
 [4 <./Pictures/part3_2.png> <./Pictures/part3_0.png>] <Pictures/part3_3_1_correct_bracco.jpg, id=34, 32.12pt x 32.12pt>
File: Pictures/part3_3_1_correct_bracco.jpg Graphic file (type jpg)
 <use Pictures/part3_3_1_correct_bracco.jpg>
Package pdftex.def Info: Pictures/part3_3_1_correct_bracco.jpg used on input line 176.
(pdftex.def)             Requested size: 83.64944pt x 83.65604pt.

Underfull \hbox (badness 10000) in paragraph at lines 177--177
\OT1/cmr/m/n/12 get Im-age of
 []

<Pictures/part3_3_1_error1_bracco.jpg, id=35, 32.12pt x 32.12pt>
File: Pictures/part3_3_1_error1_bracco.jpg Graphic file (type jpg)
 <use Pictures/part3_3_1_error1_bracco.jpg>
Package pdftex.def Info: Pictures/part3_3_1_error1_bracco.jpg used on input line 180.
(pdftex.def)             Requested size: 41.82791pt x 41.83095pt.

Overfull \hbox (8.92296pt too wide) in paragraph at lines 181--181
[]\OT1/cmr/m/n/12 Figure 11:
 []


Underfull \hbox (badness 10000) in paragraph at lines 181--181
\OT1/cmr/m/n/12 1st
 []


Underfull \hbox (badness 10000) in paragraph at lines 181--181
\OT1/cmr/m/n/12 Neigh-
 []


Underfull \hbox (badness 10000) in paragraph at lines 181--181
\OT1/cmr/m/n/12 bor:
 []

<Pictures/part3_3_1_error2_gilpin.jpg, id=36, 32.12pt x 32.12pt>
File: Pictures/part3_3_1_error2_gilpin.jpg Graphic file (type jpg)
 <use Pictures/part3_3_1_error2_gilpin.jpg>
Package pdftex.def Info: Pictures/part3_3_1_error2_gilpin.jpg used on input line 184.
(pdftex.def)             Requested size: 41.82791pt x 41.83095pt.

Overfull \hbox (8.92296pt too wide) in paragraph at lines 185--185
[]\OT1/cmr/m/n/12 Figure 12:
 []


Underfull \hbox (badness 10000) in paragraph at lines 185--185
\OT1/cmr/m/n/12 2nd
 []


Underfull \hbox (badness 10000) in paragraph at lines 185--185
\OT1/cmr/m/n/12 Neigh-
 []


Underfull \hbox (badness 10000) in paragraph at lines 185--185
\OT1/cmr/m/n/12 bor:
 []

<Pictures/part3_3_1_error3_butler.jpg, id=37, 32.12pt x 32.12pt>
File: Pictures/part3_3_1_error3_butler.jpg Graphic file (type jpg)
 <use Pictures/part3_3_1_error3_butler.jpg>
Package pdftex.def Info: Pictures/part3_3_1_error3_butler.jpg used on input line 188.
(pdftex.def)             Requested size: 41.82791pt x 41.83095pt.

Overfull \hbox (8.92296pt too wide) in paragraph at lines 189--189
[]\OT1/cmr/m/n/12 Figure 13:
 []


Underfull \hbox (badness 10000) in paragraph at lines 189--189
\OT1/cmr/m/n/12 3rd
 []


Underfull \hbox (badness 10000) in paragraph at lines 189--189
\OT1/cmr/m/n/12 Neigh-
 []


Underfull \hbox (badness 10000) in paragraph at lines 189--189
\OT1/cmr/m/n/12 bor:
 []

<Pictures/part3_3_1_error4_gilpin.jpg, id=38, 32.12pt x 32.12pt>
File: Pictures/part3_3_1_error4_gilpin.jpg Graphic file (type jpg)
 <use Pictures/part3_3_1_error4_gilpin.jpg>
Package pdftex.def Info: Pictures/part3_3_1_error4_gilpin.jpg used on input line 192.
(pdftex.def)             Requested size: 41.82791pt x 41.83095pt.

Overfull \hbox (8.92296pt too wide) in paragraph at lines 193--193
[]\OT1/cmr/m/n/12 Figure 14:
 []


Underfull \hbox (badness 10000) in paragraph at lines 193--193
\OT1/cmr/m/n/12 4th
 []


Underfull \hbox (badness 10000) in paragraph at lines 193--193
\OT1/cmr/m/n/12 Neigh-
 []


Underfull \hbox (badness 10000) in paragraph at lines 193--193
\OT1/cmr/m/n/12 bor:
 []

<Pictures/part3_3_1_error5_gilpin.jpg, id=39, 32.12pt x 32.12pt>
File: Pictures/part3_3_1_error5_gilpin.jpg Graphic file (type jpg)
 <use Pictures/part3_3_1_error5_gilpin.jpg>
Package pdftex.def Info: Pictures/part3_3_1_error5_gilpin.jpg used on input line 196.
(pdftex.def)             Requested size: 41.82791pt x 41.83095pt.

Overfull \hbox (8.92296pt too wide) in paragraph at lines 197--197
[]\OT1/cmr/m/n/12 Figure 15:
 []


Underfull \hbox (badness 10000) in paragraph at lines 197--197
\OT1/cmr/m/n/12 5th
 []


Underfull \hbox (badness 10000) in paragraph at lines 197--197
\OT1/cmr/m/n/12 Neigh-
 []


Underfull \hbox (badness 10000) in paragraph at lines 197--197
\OT1/cmr/m/n/12 bor:
 []

[5 <./Pictures/part3_1.png>] <Pictures/part3_3_2_correct_bracco.jpg, id=44, 32.12pt x 32.12pt>
File: Pictures/part3_3_2_correct_bracco.jpg Graphic file (type jpg)
 <use Pictures/part3_3_2_correct_bracco.jpg>
Package pdftex.def Info: Pictures/part3_3_2_correct_bracco.jpg used on input line 204.
(pdftex.def)             Requested size: 83.64944pt x 83.65604pt.

Underfull \hbox (badness 10000) in paragraph at lines 205--205
\OT1/cmr/m/n/12 get Im-age of
 []

<Pictures/part3_3_2_error1_vartan.jpg, id=45, 32.12pt x 32.12pt>
File: Pictures/part3_3_2_error1_vartan.jpg Graphic file (type jpg)
 <use Pictures/part3_3_2_error1_vartan.jpg>
Package pdftex.def Info: Pictures/part3_3_2_error1_vartan.jpg used on input line 208.
(pdftex.def)             Requested size: 41.82791pt x 41.83095pt.

Overfull \hbox (8.92296pt too wide) in paragraph at lines 209--209
[]\OT1/cmr/m/n/12 Figure 17:
 []


Underfull \hbox (badness 10000) in paragraph at lines 209--209
\OT1/cmr/m/n/12 1st
 []


Underfull \hbox (badness 10000) in paragraph at lines 209--209
\OT1/cmr/m/n/12 Neigh-
 []


Underfull \hbox (badness 10000) in paragraph at lines 209--209
\OT1/cmr/m/n/12 bor:
 []

<Pictures/part3_3_2_error2_bracco.jpg, id=46, 32.12pt x 32.12pt>
File: Pictures/part3_3_2_error2_bracco.jpg Graphic file (type jpg)
 <use Pictures/part3_3_2_error2_bracco.jpg>
Package pdftex.def Info: Pictures/part3_3_2_error2_bracco.jpg used on input line 212.
(pdftex.def)             Requested size: 41.82791pt x 41.83095pt.

Overfull \hbox (8.92296pt too wide) in paragraph at lines 213--213
[]\OT1/cmr/m/n/12 Figure 18:
 []


Underfull \hbox (badness 10000) in paragraph at lines 213--213
\OT1/cmr/m/n/12 2nd
 []


Underfull \hbox (badness 10000) in paragraph at lines 213--213
\OT1/cmr/m/n/12 Neigh-
 []


Underfull \hbox (badness 10000) in paragraph at lines 213--213
\OT1/cmr/m/n/12 bor:
 []

<Pictures/part3_3_2_error3_gilpin.jpg, id=47, 32.12pt x 32.12pt>
File: Pictures/part3_3_2_error3_gilpin.jpg Graphic file (type jpg)
 <use Pictures/part3_3_2_error3_gilpin.jpg>
Package pdftex.def Info: Pictures/part3_3_2_error3_gilpin.jpg used on input line 216.
(pdftex.def)             Requested size: 41.82791pt x 41.83095pt.

Overfull \hbox (8.92296pt too wide) in paragraph at lines 217--217
[]\OT1/cmr/m/n/12 Figure 19:
 []


Underfull \hbox (badness 10000) in paragraph at lines 217--217
\OT1/cmr/m/n/12 3rd
 []


Underfull \hbox (badness 10000) in paragraph at lines 217--217
\OT1/cmr/m/n/12 Neigh-
 []


Underfull \hbox (badness 10000) in paragraph at lines 217--217
\OT1/cmr/m/n/12 bor:
 []

<Pictures/part3_3_2_error4_radcliffe.jpg, id=48, 32.12pt x 32.12pt>
File: Pictures/part3_3_2_error4_radcliffe.jpg Graphic file (type jpg)
 <use Pictures/part3_3_2_error4_radcliffe.jpg>
Package pdftex.def Info: Pictures/part3_3_2_error4_radcliffe.jpg used on input line 220.
(pdftex.def)             Requested size: 41.82791pt x 41.83095pt.

Overfull \hbox (8.92296pt too wide) in paragraph at lines 221--221
[]\OT1/cmr/m/n/12 Figure 20:
 []


Underfull \hbox (badness 10000) in paragraph at lines 221--221
\OT1/cmr/m/n/12 4th
 []


Underfull \hbox (badness 10000) in paragraph at lines 221--221
\OT1/cmr/m/n/12 Neigh-
 []


Underfull \hbox (badness 10000) in paragraph at lines 221--221
\OT1/cmr/m/n/12 bor:
 []

<Pictures/part3_3_2_error5_butler.jpg, id=49, 32.12pt x 32.12pt>
File: Pictures/part3_3_2_error5_butler.jpg Graphic file (type jpg)
 <use Pictures/part3_3_2_error5_butler.jpg>
Package pdftex.def Info: Pictures/part3_3_2_error5_butler.jpg used on input line 224.
(pdftex.def)             Requested size: 41.82791pt x 41.83095pt.

Overfull \hbox (8.92296pt too wide) in paragraph at lines 225--225
[]\OT1/cmr/m/n/12 Figure 21:
 []


Underfull \hbox (badness 10000) in paragraph at lines 225--225
\OT1/cmr/m/n/12 5th
 []


Underfull \hbox (badness 10000) in paragraph at lines 225--225
\OT1/cmr/m/n/12 Neigh-
 []


Underfull \hbox (badness 10000) in paragraph at lines 225--225
\OT1/cmr/m/n/12 bor:
 []

<Pictures/part3_3_3_correct_bracco.jpg, id=50, 32.12pt x 32.12pt>
File: Pictures/part3_3_3_correct_bracco.jpg Graphic file (type jpg)
 <use Pictures/part3_3_3_correct_bracco.jpg>
Package pdftex.def Info: Pictures/part3_3_3_correct_bracco.jpg used on input line 233.
(pdftex.def)             Requested size: 83.64944pt x 83.65604pt.

Underfull \hbox (badness 10000) in paragraph at lines 234--234
\OT1/cmr/m/n/12 get Im-age of
 []

<Pictures/part3_3_3_error1_gilpin.jpg, id=51, 32.12pt x 32.12pt>
File: Pictures/part3_3_3_error1_gilpin.jpg Graphic file (type jpg)
 <use Pictures/part3_3_3_error1_gilpin.jpg>
Package pdftex.def Info: Pictures/part3_3_3_error1_gilpin.jpg used on input line 237.
(pdftex.def)             Requested size: 41.82791pt x 41.83095pt.

Overfull \hbox (8.92296pt too wide) in paragraph at lines 238--238
[]\OT1/cmr/m/n/12 Figure 23:
 []


Underfull \hbox (badness 10000) in paragraph at lines 238--238
\OT1/cmr/m/n/12 1st
 []


Underfull \hbox (badness 10000) in paragraph at lines 238--238
\OT1/cmr/m/n/12 Neigh-
 []


Underfull \hbox (badness 10000) in paragraph at lines 238--238
\OT1/cmr/m/n/12 bor:
 []

<Pictures/part3_3_3_error2_radcliffe.jpg, id=52, 32.12pt x 32.12pt>
File: Pictures/part3_3_3_error2_radcliffe.jpg Graphic file (type jpg)
 <use Pictures/part3_3_3_error2_radcliffe.jpg>
Package pdftex.def Info: Pictures/part3_3_3_error2_radcliffe.jpg used on input line 241.
(pdftex.def)             Requested size: 41.82791pt x 41.83095pt.

Overfull \hbox (8.92296pt too wide) in paragraph at lines 242--242
[]\OT1/cmr/m/n/12 Figure 24:
 []


Underfull \hbox (badness 10000) in paragraph at lines 242--242
\OT1/cmr/m/n/12 2nd
 []


Underfull \hbox (badness 10000) in paragraph at lines 242--242
\OT1/cmr/m/n/12 Neigh-
 []


Underfull \hbox (badness 10000) in paragraph at lines 242--242
\OT1/cmr/m/n/12 bor:
 []

<Pictures/part3_3_3_error3_gilpin.jpg, id=53, 32.12pt x 32.12pt>
File: Pictures/part3_3_3_error3_gilpin.jpg Graphic file (type jpg)
 <use Pictures/part3_3_3_error3_gilpin.jpg>
Package pdftex.def Info: Pictures/part3_3_3_error3_gilpin.jpg used on input line 245.
(pdftex.def)             Requested size: 41.82791pt x 41.83095pt.

Overfull \hbox (8.92296pt too wide) in paragraph at lines 246--246
[]\OT1/cmr/m/n/12 Figure 25:
 []


Underfull \hbox (badness 10000) in paragraph at lines 246--246
\OT1/cmr/m/n/12 3rd
 []


Underfull \hbox (badness 10000) in paragraph at lines 246--246
\OT1/cmr/m/n/12 Neigh-
 []


Underfull \hbox (badness 10000) in paragraph at lines 246--246
\OT1/cmr/m/n/12 bor:
 []

<Pictures/part3_3_3_error4_gilpin.jpg, id=54, 32.12pt x 32.12pt>
File: Pictures/part3_3_3_error4_gilpin.jpg Graphic file (type jpg)
 <use Pictures/part3_3_3_error4_gilpin.jpg>
Package pdftex.def Info: Pictures/part3_3_3_error4_gilpin.jpg used on input line 249.
(pdftex.def)             Requested size: 41.82791pt x 41.83095pt.

Overfull \hbox (8.92296pt too wide) in paragraph at lines 250--250
[]\OT1/cmr/m/n/12 Figure 26:
 []


Underfull \hbox (badness 10000) in paragraph at lines 250--250
\OT1/cmr/m/n/12 4th
 []


Underfull \hbox (badness 10000) in paragraph at lines 250--250
\OT1/cmr/m/n/12 Neigh-
 []


Underfull \hbox (badness 10000) in paragraph at lines 250--250
\OT1/cmr/m/n/12 bor:
 []

<Pictures/part3_3_3_error5_gilpin.jpg, id=55, 32.12pt x 32.12pt>
File: Pictures/part3_3_3_error5_gilpin.jpg Graphic file (type jpg)
 <use Pictures/part3_3_3_error5_gilpin.jpg>
Package pdftex.def Info: Pictures/part3_3_3_error5_gilpin.jpg used on input line 253.
(pdftex.def)             Requested size: 41.82791pt x 41.83095pt.

Overfull \hbox (8.92296pt too wide) in paragraph at lines 254--254
[]\OT1/cmr/m/n/12 Figure 27:
 []


Underfull \hbox (badness 10000) in paragraph at lines 254--254
\OT1/cmr/m/n/12 5th
 []


Underfull \hbox (badness 10000) in paragraph at lines 254--254
\OT1/cmr/m/n/12 Neigh-
 []


Underfull \hbox (badness 10000) in paragraph at lines 254--254
\OT1/cmr/m/n/12 bor:
 []

<Pictures/part3_3_4_correct_butler.jpg, id=56, 32.12pt x 32.12pt>
File: Pictures/part3_3_4_correct_butler.jpg Graphic file (type jpg)
 <use Pictures/part3_3_4_correct_butler.jpg>
Package pdftex.def Info: Pictures/part3_3_4_correct_butler.jpg used on input line 261.
(pdftex.def)             Requested size: 83.64944pt x 83.65604pt.

Underfull \hbox (badness 10000) in paragraph at lines 262--262
\OT1/cmr/m/n/12 get Im-age of
 []

<Pictures/part3_3_4_error1_butler.jpg, id=57, 32.12pt x 32.12pt>
File: Pictures/part3_3_4_error1_butler.jpg Graphic file (type jpg)
 <use Pictures/part3_3_4_error1_butler.jpg>
Package pdftex.def Info: Pictures/part3_3_4_error1_butler.jpg used on input line 265.
(pdftex.def)             Requested size: 41.82791pt x 41.83095pt.

Overfull \hbox (8.92296pt too wide) in paragraph at lines 266--266
[]\OT1/cmr/m/n/12 Figure 29:
 []


Underfull \hbox (badness 10000) in paragraph at lines 266--266
\OT1/cmr/m/n/12 1st
 []


Underfull \hbox (badness 10000) in paragraph at lines 266--266
\OT1/cmr/m/n/12 Neigh-
 []


Underfull \hbox (badness 10000) in paragraph at lines 266--266
\OT1/cmr/m/n/12 bor:
 []

<Pictures/part3_3_4_error2_butler.jpg, id=58, 32.12pt x 32.12pt>
File: Pictures/part3_3_4_error2_butler.jpg Graphic file (type jpg)
 <use Pictures/part3_3_4_error2_butler.jpg>
Package pdftex.def Info: Pictures/part3_3_4_error2_butler.jpg used on input line 269.
(pdftex.def)             Requested size: 41.82791pt x 41.83095pt.

Overfull \hbox (8.92296pt too wide) in paragraph at lines 270--270
[]\OT1/cmr/m/n/12 Figure 30:
 []


Underfull \hbox (badness 10000) in paragraph at lines 270--270
\OT1/cmr/m/n/12 2nd
 []


Underfull \hbox (badness 10000) in paragraph at lines 270--270
\OT1/cmr/m/n/12 Neigh-
 []


Underfull \hbox (badness 10000) in paragraph at lines 270--270
\OT1/cmr/m/n/12 bor:
 []

<Pictures/part3_3_4_error3_vartan.jpg, id=59, 32.12pt x 32.12pt>
File: Pictures/part3_3_4_error3_vartan.jpg Graphic file (type jpg)
 <use Pictures/part3_3_4_error3_vartan.jpg>
Package pdftex.def Info: Pictures/part3_3_4_error3_vartan.jpg used on input line 273.
(pdftex.def)             Requested size: 41.82791pt x 41.83095pt.

Overfull \hbox (8.92296pt too wide) in paragraph at lines 274--274
[]\OT1/cmr/m/n/12 Figure 31:
 []


Underfull \hbox (badness 10000) in paragraph at lines 274--274
\OT1/cmr/m/n/12 3rd
 []


Underfull \hbox (badness 10000) in paragraph at lines 274--274
\OT1/cmr/m/n/12 Neigh-
 []


Underfull \hbox (badness 10000) in paragraph at lines 274--274
\OT1/cmr/m/n/12 bor:
 []

<Pictures/part3_3_4_error4_vartan.jpg, id=60, 32.12pt x 32.12pt>
File: Pictures/part3_3_4_error4_vartan.jpg Graphic file (type jpg)
 <use Pictures/part3_3_4_error4_vartan.jpg>
Package pdftex.def Info: Pictures/part3_3_4_error4_vartan.jpg used on input line 277.
(pdftex.def)             Requested size: 41.82791pt x 41.83095pt.

Overfull \hbox (8.92296pt too wide) in paragraph at lines 278--278
[]\OT1/cmr/m/n/12 Figure 32:
 []


Underfull \hbox (badness 10000) in paragraph at lines 278--278
\OT1/cmr/m/n/12 4th
 []


Underfull \hbox (badness 10000) in paragraph at lines 278--278
\OT1/cmr/m/n/12 Neigh-
 []


Underfull \hbox (badness 10000) in paragraph at lines 278--278
\OT1/cmr/m/n/12 bor:
 []

<Pictures/part3_3_4_error5_vartan.jpg, id=61, 32.12pt x 32.12pt>
File: Pictures/part3_3_4_error5_vartan.jpg Graphic file (type jpg)
 <use Pictures/part3_3_4_error5_vartan.jpg>
Package pdftex.def Info: Pictures/part3_3_4_error5_vartan.jpg used on input line 281.
(pdftex.def)             Requested size: 41.82791pt x 41.83095pt.

Overfull \hbox (8.92296pt too wide) in paragraph at lines 282--282
[]\OT1/cmr/m/n/12 Figure 33:
 []


Underfull \hbox (badness 10000) in paragraph at lines 282--282
\OT1/cmr/m/n/12 5th
 []


Underfull \hbox (badness 10000) in paragraph at lines 282--282
\OT1/cmr/m/n/12 Neigh-
 []


Underfull \hbox (badness 10000) in paragraph at lines 282--282
\OT1/cmr/m/n/12 bor:
 []

[6 <./Pictures/part3_3_1_correct_bracco.jpg> <./Pictures/part3_3_1_error1_bracco.jpg> <./Pictures/part3_3_1_error2_gilpin.jpg> <./Pictures/part3_3_1_error3_butler.jpg> <./Pictures/part3_3_1_error4_gilpin.jpg> <./Pictures/part3_3_1_error5_gilpin.jpg> <./Pictures/part3_3_2_correct_bracco.jpg> <./Pictures/part3_3_2_error1_vartan.jpg> <./Pictures/part3_3_2_error2_bracco.jpg> <./Pictures/part3_3_2_error3_gilpin.jpg> <./Pictures/part3_3_2_error4_radcliffe.jpg> <./Pictures/part3_3_2_error5_butler.jpg> <./Pictures/part3_3_3_correct_bracco.jpg> <./Pictures/part3_3_3_error1_gilpin.jpg> <./Pictures/part3_3_3_error2_radcliffe.jpg> <./Pictures/part3_3_3_error3_gilpin.jpg> <./Pictures/part3_3_3_error4_gilpin.jpg> <./Pictures/part3_3_3_error5_gilpin.jpg>] <Pictures/part3_3_5_correct_butler.jpg, id=66, 32.12pt x 32.12pt>
File: Pictures/part3_3_5_correct_butler.jpg Graphic file (type jpg)
 <use Pictures/part3_3_5_correct_butler.jpg>
Package pdftex.def Info: Pictures/part3_3_5_correct_butler.jpg used on input line 289.
(pdftex.def)             Requested size: 83.64944pt x 83.65604pt.

Underfull \hbox (badness 10000) in paragraph at lines 290--290
\OT1/cmr/m/n/12 get Im-age of
 []

<Pictures/part3_3_5_error1_radcliffe.jpg, id=67, 32.12pt x 32.12pt>
File: Pictures/part3_3_5_error1_radcliffe.jpg Graphic file (type jpg)
 <use Pictures/part3_3_5_error1_radcliffe.jpg>
Package pdftex.def Info: Pictures/part3_3_5_error1_radcliffe.jpg used on input line 293.
(pdftex.def)             Requested size: 41.82791pt x 41.83095pt.

Overfull \hbox (8.92296pt too wide) in paragraph at lines 294--294
[]\OT1/cmr/m/n/12 Figure 35:
 []


Underfull \hbox (badness 10000) in paragraph at lines 294--294
\OT1/cmr/m/n/12 1st
 []


Underfull \hbox (badness 10000) in paragraph at lines 294--294
\OT1/cmr/m/n/12 Neigh-
 []


Underfull \hbox (badness 10000) in paragraph at lines 294--294
\OT1/cmr/m/n/12 bor:
 []

<Pictures/part3_3_5_error2_gilpin.jpg, id=68, 32.12pt x 32.12pt>
File: Pictures/part3_3_5_error2_gilpin.jpg Graphic file (type jpg)
 <use Pictures/part3_3_5_error2_gilpin.jpg>
Package pdftex.def Info: Pictures/part3_3_5_error2_gilpin.jpg used on input line 297.
(pdftex.def)             Requested size: 41.82791pt x 41.83095pt.

Overfull \hbox (8.92296pt too wide) in paragraph at lines 298--298
[]\OT1/cmr/m/n/12 Figure 36:
 []


Underfull \hbox (badness 10000) in paragraph at lines 298--298
\OT1/cmr/m/n/12 2nd
 []


Underfull \hbox (badness 10000) in paragraph at lines 298--298
\OT1/cmr/m/n/12 Neigh-
 []


Underfull \hbox (badness 10000) in paragraph at lines 298--298
\OT1/cmr/m/n/12 bor:
 []

<Pictures/part3_3_5_error3_butler.jpg, id=69, 32.12pt x 32.12pt>
File: Pictures/part3_3_5_error3_butler.jpg Graphic file (type jpg)
 <use Pictures/part3_3_5_error3_butler.jpg>
Package pdftex.def Info: Pictures/part3_3_5_error3_butler.jpg used on input line 301.
(pdftex.def)             Requested size: 41.82791pt x 41.83095pt.

Overfull \hbox (8.92296pt too wide) in paragraph at lines 302--302
[]\OT1/cmr/m/n/12 Figure 37:
 []


Underfull \hbox (badness 10000) in paragraph at lines 302--302
\OT1/cmr/m/n/12 3rd
 []


Underfull \hbox (badness 10000) in paragraph at lines 302--302
\OT1/cmr/m/n/12 Neigh-
 []


Underfull \hbox (badness 10000) in paragraph at lines 302--302
\OT1/cmr/m/n/12 bor:
 []

<Pictures/part3_3_5_error4_radcliffe.jpg, id=70, 32.12pt x 32.12pt>
File: Pictures/part3_3_5_error4_radcliffe.jpg Graphic file (type jpg)
 <use Pictures/part3_3_5_error4_radcliffe.jpg>
Package pdftex.def Info: Pictures/part3_3_5_error4_radcliffe.jpg used on input line 305.
(pdftex.def)             Requested size: 41.82791pt x 41.83095pt.

Overfull \hbox (8.92296pt too wide) in paragraph at lines 306--306
[]\OT1/cmr/m/n/12 Figure 38:
 []


Underfull \hbox (badness 10000) in paragraph at lines 306--306
\OT1/cmr/m/n/12 4th
 []


Underfull \hbox (badness 10000) in paragraph at lines 306--306
\OT1/cmr/m/n/12 Neigh-
 []


Underfull \hbox (badness 10000) in paragraph at lines 306--306
\OT1/cmr/m/n/12 bor:
 []

<Pictures/part3_3_5_error5_vartan.jpg, id=71, 32.12pt x 32.12pt>
File: Pictures/part3_3_5_error5_vartan.jpg Graphic file (type jpg)
 <use Pictures/part3_3_5_error5_vartan.jpg>
Package pdftex.def Info: Pictures/part3_3_5_error5_vartan.jpg used on input line 309.
(pdftex.def)             Requested size: 41.82791pt x 41.83095pt.

Overfull \hbox (8.92296pt too wide) in paragraph at lines 310--310
[]\OT1/cmr/m/n/12 Figure 39:
 []


Underfull \hbox (badness 10000) in paragraph at lines 310--310
\OT1/cmr/m/n/12 5th
 []


Underfull \hbox (badness 10000) in paragraph at lines 310--310
\OT1/cmr/m/n/12 Neigh-
 []


Underfull \hbox (badness 10000) in paragraph at lines 310--310
\OT1/cmr/m/n/12 bor:
 []

<Pictures/part4.png, id=72, 578.16pt x 433.62pt>
File: Pictures/part4.png Graphic file (type png)
 <use Pictures/part4.png>
Package pdftex.def Info: Pictures/part4.png used on input line 321.
(pdftex.def)             Requested size: 292.77629pt x 219.58177pt.
 [7 <./Pictures/part3_3_4_correct_butler.jpg> <./Pictures/part3_3_4_error1_butler.jpg> <./Pictures/part3_3_4_error2_butler.jpg> <./Pictures/part3_3_4_error3_vartan.jpg> <./Pictures/part3_3_4_error4_vartan.jpg> <./Pictures/part3_3_4_error5_vartan.jpg> <./Pictures/part3_3_5_correct_butler.jpg> <./Pictures/part3_3_5_error1_radcliffe.jpg> <./Pictures/part3_3_5_error2_gilpin.jpg> <./Pictures/part3_3_5_error3_butler.jpg> <./Pictures/part3_3_5_error4_radcliffe.jpg> <./Pictures/part3_3_5_error5_vartan.jpg>]
Missing character: There is no â in font cmr12!
Missing character: There is no € in font cmr12!
Missing character: There is no ™ in font cmr12!
Missing character: There is no â in font cmr12!
Missing character: There is no € in font cmr12!
Missing character: There is no ™ in font cmr12!
 <Pictures/part5_1.png, id=76, 311.1625pt x 185.69376pt>
File: Pictures/part5_1.png Graphic file (type png)
 <use Pictures/part5_1.png>
Package pdftex.def Info: Pictures/part5_1.png used on input line 335.
(pdftex.def)             Requested size: 292.77629pt x 174.72215pt.
 [8 <./Pictures/part4.png>] <Pictures/part5_3.png, id=81, 593.21625pt x 90.3375pt>
File: Pictures/part5_3.png Graphic file (type png)
 <use Pictures/part5_3.png>
Package pdftex.def Info: Pictures/part5_3.png used on input line 345.
(pdftex.def)             Requested size: 292.77629pt x 44.58693pt.
Missing character: There is no â in font cmr12!
Missing character: There is no € in font cmr12!
Missing character: There is no ™ in font cmr12!
Missing character: There is no â in font cmr12!
Missing character: There is no € in font cmr12!
Missing character: There is no ™ in font cmr12!
 <Pictures/part5_2.png, id=82, 578.16pt x 433.62pt>
File: Pictures/part5_2.png Graphic file (type png)
 <use Pictures/part5_2.png>
Package pdftex.def Info: Pictures/part5_2.png used on input line 355.
(pdftex.def)             Requested size: 292.77629pt x 219.58177pt.
 [9 <./Pictures/part5_1.png> <./Pictures/part5_3.png>]
Missing character: There is no â in font cmr12!
Missing character: There is no € in font cmr12!
Missing character: There is no ™ in font cmr12!
Missing character: There is no â in font cmr12!
Missing character: There is no € in font cmr12!
Missing character: There is no ™ in font cmr12!
 <Pictures/part6_1.png, id=88, 323.2075pt x 116.435pt>
File: Pictures/part6_1.png Graphic file (type png)
 <use Pictures/part6_1.png>
Package pdftex.def Info: Pictures/part6_1.png used on input line 370.
(pdftex.def)             Requested size: 292.77629pt x 105.47809pt.
 [10 <./Pictures/part5_2.png>]
Missing character: There is no â in font cmr12!
Missing character: There is no € in font cmr12!
Missing character: There is no ™ in font cmr12!
 <Pictures/part6_3.png, id=93, 596.2275pt x 66.2475pt>
File: Pictures/part6_3.png Graphic file (type png)
 <use Pictures/part6_3.png>
Package pdftex.def Info: Pictures/part6_3.png used on input line 380.
(pdftex.def)             Requested size: 292.77629pt x 32.53029pt.
Missing character: There is no â in font cmr12!
Missing character: There is no € in font cmr12!
Missing character: There is no ™ in font cmr12!
Missing character: There is no â in font cmr12!
Missing character: There is no € in font cmr12!
Missing character: There is no ™ in font cmr12!
 <Pictures/part6_2.png, id=94, 578.16pt x 433.62pt>
File: Pictures/part6_2.png Graphic file (type png)
 <use Pictures/part6_2.png>
Package pdftex.def Info: Pictures/part6_2.png used on input line 390.
(pdftex.def)             Requested size: 292.77629pt x 219.58177pt.
 [11 <./Pictures/part6_1.png> <./Pictures/part6_3.png>]
Missing character: There is no â in font cmr12!
Missing character: There is no € in font cmr12!
Missing character: There is no ™ in font cmr12!
Missing character: There is no â in font cmr12!
Missing character: There is no € in font cmr12!
Missing character: There is no ™ in font cmr12!
 [12 <./Pictures/part6_2.png>] (/Users/Samuel/Desktop/essay_1/.texpadtmp/faces.aux) ) 
Here is how much of TeX's memory you used:
 2520 strings out of 493089
 40370 string characters out of 6134842
 201676 words of memory out of 5000000
 5941 multiletter control sequences out of 15000+600000
 9744 words of font info for 34 fonts, out of 8000000 for 9000
 1141 hyphenation exceptions out of 8191
 37i,7n,23p,1405b,280s stack positions out of 5000i,500n,10000p,200000b,80000s
</usr/local/texlive/2015/texmf-dist/fonts/type1/public/amsfonts/cm/cmbx12.pfb></usr/local/texlive/2015/texmf-dist/fonts/type1/public/amsfonts/cm/cmcsc10.pfb></usr/local/texlive/2015/texmf-dist/fonts/type1/public/amsfonts/cm/cmr12.pfb></usr/local/texlive/2015/texmf-dist/fonts/type1/public/amsfonts/cm/cmti12.pfb>
Output written on /Users/Samuel/Desktop/essay_1/.texpadtmp/faces.pdf (13 pages, 669026 bytes).
PDF statistics:
 120 PDF objects out of 1000 (max. 8388607)
 44 compressed objects within 1 object stream
 0 named destinations out of 1000 (max. 500000)
 231 words of extra memory for PDF output out of 10000 (max. 10000000)

